added manifest
adding: imgfolder/(in = 0) (out= 0)(stored 0%)
adding: imgfolder/PICROSS1.png(in = 5691) (out= 5696)(deflated 0%)
adding: imgfolder/abouticon.gif(in = 1413) (out= 1418)(deflated 0%)
adding: imgfolder/coloricon.gif(in = 1095) (out= 1100)(deflated 0%)
adding: imgfolder/correctmark.png(in = 545) (out= 530)(deflated 2%)
adding: imgfolder/endgame.png(in = 336478) (out= 336347)(deflated 0%)
adding: imgfolder/logo.png(in = 5811) (out= 5816)(deflated 0%)
adding: imgfolder/newicon.gif(in = 1453) (out= 1458)(deflated 0%)
adding: imgfolder/nexticon.gif(in = 1171) (out= 1176)(deflated 0%)
adding: imgfolder/omark.png(in = 938) (out= 943)(deflated 0%)
adding: imgfolder/piccross.png(in = 321126) (out= 321190)(deflated 0%)
adding: imgfolder/solicon.gif(in = 1393) (out= 1398)(deflated 0%)
adding: imgfolder/wingame.png(in = 330788) (out= 330543)(deflated 0%)
adding: imgfolder/xmark.png(in = 547) (out= 552)(deflated 0%)
adding: resources/(in = 0) (out= 0)(stored 0%)
adding: resources/texts.properties(in = 161) (out= 139)(deflated 13%)
adding: resources/texts_en_CA.properties(in = 283) (out= 193)(deflated 31%)
adding: resources/texts_en_US.properties(in = 327) (out= 214)(deflated 34%)
adding: resources/texts_fr_FR.properties(in = 329) (out= 225)(deflated 31%)
adding: resources/texts_pt_PT.properties(in = 168) (out= 146)(deflated 13%)
adding: src/(in = 0) (out= 0)(stored 0%)
adding: src/picross/(in = 0) (out= 0)(stored 0%)
adding: src/picross/Client.class(in = 2530) (out= 1335)(deflated 47%)
adding: src/picross/ClientView$1.class(in = 1421) (out= 792)(deflated 44%)
adding: src/picross/ClientView.class(in = 3258) (out= 1783)(deflated 45%)
adding: src/picross/Controller.class(in = 4139) (out= 2482)(deflated 40%)
adding: src/picross/Game.class(in = 375) (out= 264)(deflated 29%)
adding: src/picross/Model.class(in = 3420) (out= 1906)(deflated 44%)
adding: src/picross/View$1.class(in = 1473) (out= 821)(deflated 44%)
adding: src/picross/View.class(in = 14781) (out= 7776)(deflated 47%)
adding: test.txt(in = 30) (out= 9)(deflated 70%)
adding: text.txt(in = 32) (out= 21)(deflated 34%)
